<?xml version="1.0" encoding="UTF-8"?>
<!-- Generated by org.testng.reporters.JUnitReportReporter -->
<testsuite hostname="MIRONENKO-PC" failures="0" tests="1" name="org.example.test.Task7" time="42.572" errors="0" timestamp="2023-07-27T14:07:27 EEST" skipped="0">
  <testcase classname="org.example.test.Task7" name="createPartnerWithValidValues" time="42.572"/>
  <system-out/>
</testsuite> <!-- org.example.test.Task7 -->
