<?xml version="1.0" encoding="UTF-8"?>
<!-- Generated by org.testng.reporters.JUnitReportReporter -->
<testsuite hostname="MIRONENKO-PC" failures="0" tests="3" name="org.example.test.Task13_1" time="20.432" errors="0" timestamp="2023-07-27T14:07:27 EEST" skipped="0">
  <testcase classname="org.example.test.Task13_1" name="createVolunteer" time="6.797"/>
  <system-out/>
  <testcase classname="org.example.test.Task13_1" name="createVolunteer" time="6.888"/>
  <system-out/>
  <testcase classname="org.example.test.Task13_1" name="createVolunteer" time="6.747"/>
  <system-out/>
</testsuite> <!-- org.example.test.Task13_1 -->
