<?xml version="1.0" encoding="UTF-8"?>
<!-- Generated by org.testng.reporters.JUnitReportReporter -->
<testsuite hostname="MIRONENKO-PC" failures="0" tests="4" name="org.example.test.Task13_3" time="99.236" errors="0" timestamp="2023-07-27T14:07:27 EEST" skipped="0">
  <testcase classname="org.example.test.Task13_3" name="createTask" time="10.187"/>
  <system-out/>
  <testcase classname="org.example.test.Task13_3" name="createTask" time="20.226"/>
  <system-out/>
  <testcase classname="org.example.test.Task13_3" name="registerOrganization" time="48.559"/>
  <system-out/>
  <testcase classname="org.example.test.Task13_3" name="createTask" time="20.264"/>
  <system-out/>
</testsuite> <!-- org.example.test.Task13_3 -->
