<?xml version="1.0" encoding="UTF-8"?>
<!-- Generated by org.testng.reporters.JUnitReportReporter -->
<testsuite hostname="MIRONENKO-PC" failures="0" tests="4" name="org.example.test.Task5_2" time="24.859" errors="0" timestamp="2023-07-27T14:07:27 EEST" skipped="0">
  <testcase classname="org.example.test.Task5_2" name="goToRulesPage" time="6.204"/>
  <system-out/>
  <testcase classname="org.example.test.Task5_2" name="goToHelpPage" time="6.210"/>
  <system-out/>
  <testcase classname="org.example.test.Task5_2" name="goToAboutUsPage" time="6.162"/>
  <system-out/>
  <testcase classname="org.example.test.Task5_2" name="goToNewsPage" time="6.283"/>
  <system-out/>
</testsuite> <!-- org.example.test.Task5_2 -->
